a = 10
10
a
10
b = 20
20
b
20
a + b
30
a - b
-10
a * b
200
a / b
0.5
typeof(a)
"number"
typeof(b)
"number"
c = 6.7
6.7
typeof(c)
"number"
d = 'hello'
"hello"
typeof(e)
"undefined"
typeof(d)
"string"
a = '
VM781:1 Uncaught SyntaxError: Invalid or unexpected token
a = '10'
"10"
typeof(a)
"string"
a+b
"1020"
a+b+c
"10206.7"
a - b
-10
a/b
0.5
a*b
200
b+c+a
"26.710"
d = 10
10
a
"10"
d
10
a==d
true
a===d
false
arr = [12, 45, 6, 8, 9, 10]
(6) [12, 45, 6, 8, 9, 10]0: 121: 452: 63: 84: 95: 10length: 6__proto__: Array(0)concat: ƒ concat()constructor: ƒ Array()copyWithin: ƒ copyWithin()entries: ƒ entries()every: ƒ every()fill: ƒ fill()filter: ƒ filter()find: ƒ find()findIndex: ƒ findIndex()flat: ƒ flat()flatMap: ƒ flatMap()forEach: ƒ forEach()includes: ƒ includes()indexOf: ƒ indexOf()join: ƒ join()keys: ƒ keys()lastIndexOf: ƒ lastIndexOf()length: 0map: ƒ map()pop: ƒ pop()push: ƒ push()reduce: ƒ reduce()reduceRight: ƒ reduceRight()reverse: ƒ reverse()shift: ƒ shift()slice: ƒ slice()some: ƒ some()sort: ƒ sort()splice: ƒ splice()toLocaleString: ƒ toLocaleString()toString: ƒ toString()unshift: ƒ unshift()values: ƒ values()Symbol(Symbol.iterator): ƒ values()Symbol(Symbol.unscopables): {copyWithin: true, entries: true, fill: true, find: true, findIndex: true, …}__proto__: Object
typeof(arr)
"object"
arr
(6) [12, 45, 6, 8, 9, 10]
arr[2]
6
arr[5]
10
arr instanceof Array
true
Array instanceof Object
true
